<?xml version="1.0" encoding="UTF-8"?>
<!-- Generated by org.testng.reporters.JUnitReportReporter -->
<testsuite hostname="LAPTOP-9SRLIHID" failures="0" tests="1" name="com.Demowebshop.TestScripts.LoginTest" time="5.411" errors="0" timestamp="2025-04-06T13:17:22 IST" skipped="0">
  <testcase classname="com.Demowebshop.TestScripts.LoginTest" name="loginTest" time="5.411"/>
</testsuite> <!-- com.Demowebshop.TestScripts.LoginTest -->
