<?xml version="1.0" encoding="UTF-8"?>
<!-- Generated by org.testng.reporters.JUnitReportReporter -->
<testsuite hostname="LAPTOP-9SRLIHID" failures="0" tests="1" name="com.Demowebshop.TestScripts.RegisterTest" time="2.634" errors="0" timestamp="2025-04-06T13:17:22 IST" skipped="0">
  <testcase classname="com.Demowebshop.TestScripts.RegisterTest" name="register" time="2.634"/>
</testsuite> <!-- com.Demowebshop.TestScripts.RegisterTest -->
