<?xml version="1.0" encoding="UTF-8"?>
<!-- Generated by org.testng.reporters.JUnitReportReporter -->
<testsuite hostname="LAPTOP-9SRLIHID" failures="0" tests="1" name="com.Demowebshop.TestScripts.TC_Login_InvalidLoginTest" time="5.283" errors="0" timestamp="2025-04-06T17:14:03 IST" skipped="0">
  <testcase classname="com.Demowebshop.TestScripts.TC_Login_InvalidLoginTest" name="inValidloginTest" time="5.283"/>
</testsuite> <!-- com.Demowebshop.TestScripts.TC_Login_InvalidLoginTest -->
