<?xml version="1.0" encoding="UTF-8"?>
<!-- Generated by org.testng.reporters.JUnitReportReporter -->
<testsuite hostname="LAPTOP-9SRLIHID" failures="0" tests="1" name="com.Demowebshop.TestScripts.TC_Login_ValidLoginTest" time="5.502" errors="0" timestamp="2025-04-06T17:14:03 IST" skipped="0">
  <testcase classname="com.Demowebshop.TestScripts.TC_Login_ValidLoginTest" name="loginTest" time="5.502"/>
</testsuite> <!-- com.Demowebshop.TestScripts.TC_Login_ValidLoginTest -->
