<?xml version="1.0" encoding="UTF-8"?>
<!-- Generated by org.testng.reporters.JUnitReportReporter -->
<testsuite hostname="LAPTOP-9SRLIHID" failures="0" tests="1" name="com.Demowebshop.TestScripts.ValidRegisterTest" time="2.823" errors="0" timestamp="2025-04-06T21:11:05 IST" skipped="0">
  <testcase classname="com.Demowebshop.TestScripts.ValidRegisterTest" name="register" time="2.823"/>
</testsuite> <!-- com.Demowebshop.TestScripts.ValidRegisterTest -->
